Dec 19, 2023 10:12:23 PM testcases.BaseTest saveLogs
INFO: This is a beginning of test suit
Dec 19, 2023 10:12:26 PM pageobjects.BaseMain clickUsingXpath
INFO: Element:CourseGallery page is opened successfullywas successfully clicked
Dec 19, 2023 10:12:27 PM testcases.BaseTest saveLogs
INFO: This is a beginning of test suit
Dec 19, 2023 10:12:30 PM pageobjects.BaseMain clickUsingXpath
INFO: Element:CourseGallery page is opened successfullywas successfully clicked
Dec 19, 2023 10:12:55 PM pageobjects.BaseMain clickUsingXpath
INFO: Element:return to main page by clicking logo is successfulwas successfully clicked
Dec 19, 2023 10:12:56 PM pageobjects.BaseMain clickUsingXpath
INFO: Element:SignIn page is opened successfullywas successfully clicked
Dec 19, 2023 10:13:22 PM testcases.BaseTest saveLogs
INFO: This is a beginning of test suit
Dec 19, 2023 10:13:27 PM pageobjects.BaseMain clickUsingXpath
INFO: Element:CourseGallery page is opened successfullywas successfully clicked
Dec 19, 2023 10:13:27 PM pageobjects.BaseMain clickUsingXpath
INFO: Element:SLBasicsQuiz is started successfullywas successfully clicked
Dec 19, 2023 10:13:28 PM pageobjects.BaseMain clickUsingXpath
INFO: Element:Answer field is chosen successfullywas successfully clicked
Dec 19, 2023 10:13:28 PM pageobjects.BaseMain validateStringWithAssertEqual
INFO: 11value of progress equal expected value of progress11
Dec 19, 2023 10:13:32 PM pageobjects.BaseMain clickUsingXpath
INFO: Element:NextQuestionPage is opened successfulwas successfully clicked
Dec 19, 2023 10:13:32 PM pageobjects.BaseMain validateStringWithAssertEqual
INFO: 11value of progress equal expected value of progress11
Dec 19, 2023 10:13:32 PM pageobjects.BaseMain clickUsingXpath
INFO: Element:Answer field is chosen successfullywas successfully clicked
Dec 19, 2023 10:13:32 PM pageobjects.BaseMain validateStringWithAssertEqual
INFO: 22value of progress equal expected value of progress22
